-------------------------------------------------------------------------------
Test set: dto.ProductTest
-------------------------------------------------------------------------------
Tests run: 5, Failures: 1, Errors: 0, Skipped: 0, Time elapsed: 0.048 s <<< FAILURE! - in dto.ProductTest
setNetUntiPrice  Time elapsed: 0.007 s  <<< FAILURE!
org.opentest4j.AssertionFailedError: expected: <2400> but was: <2300>
	at dto.ProductTest.setNetUntiPrice(ProductTest.java:34)

