<?xml version="1.0" encoding="UTF-8"?>
<testsuite xmlns:xsi="http://www.w3.org/2001/XMLSchema-instance" xsi:noNamespaceSchemaLocation="https://maven.apache.org/surefire/maven-surefire-plugin/xsd/surefire-test-report-3.0.xsd" version="3.0" name="hu.gov.allamkincstar.training.javasebsc.stock.StockTest" time="0.063" tests="9" errors="0" skipped="0" failures="0">
  <properties>
[...]
</properties>
  <testcase name="disposeEmptyItem" classname="hu.gov.allamkincstar.training.javasebsc.stock.StockTest" time="0.003"/>
  <testcase name="changeItemQuantity" classname="hu.gov.allamkincstar.training.javasebsc.stock.StockTest" time="0.001"/>
  <testcase name="findItem" classname="hu.gov.allamkincstar.training.javasebsc.stock.StockTest" time="0.007"/>
  <testcase name="bookProduct" classname="hu.gov.allamkincstar.training.javasebsc.stock.StockTest" time="0.001"/>
  <testcase name="isProductExist" classname="hu.gov.allamkincstar.training.javasebsc.stock.StockTest" time="0.001"/>
  <testcase name="depositProduct" classname="hu.gov.allamkincstar.training.javasebsc.stock.StockTest" time="0.001"/>
  <testcase name="removeItem" classname="hu.gov.allamkincstar.training.javasebsc.stock.StockTest" time="0.001"/>
  <testcase name="registerNewItem" classname="hu.gov.allamkincstar.training.javasebsc.stock.StockTest" time="0.001"/>
  <testcase name="getItems" classname="hu.gov.allamkincstar.training.javasebsc.stock.StockTest" time="0.001"/>
</testsuite>