<?xml version="1.0" encoding="UTF-8"?>
<testsuite xmlns:xsi="http://www.w3.org/2001/XMLSchema-instance" xsi:noNamespaceSchemaLocation="https://maven.apache.org/surefire/maven-surefire-plugin/xsd/surefire-test-report-3.0.xsd" version="3.0" name="dto.ProductTest" time="0.048" tests="5" errors="0" skipped="0" failures="1">
  <properties>
[...]
</properties>
  <testcase name="getNetUntiPrice" classname="dto.ProductTest" time="0.027"/>
  <testcase name="getItemName" classname="dto.ProductTest" time="0"/>
  <testcase name="setNetUntiPrice" classname="dto.ProductTest" time="0.007">
    <failure message="expected: &lt;2400&gt; but was: &lt;2300&gt;" type="org.opentest4j.AssertionFailedError"><![CDATA[org.opentest4j.AssertionFailedError: expected: <2400> but was: <2300>
	at dto.ProductTest.setNetUntiPrice(ProductTest.java:34)
]]></failure>
  </testcase>
  <testcase name="getItemNumber" classname="dto.ProductTest" time="0.002"/>
  <testcase name="getVATPercent" classname="dto.ProductTest" time="0.001"/>
</testsuite>